TN:
SF:src/01_SimpleStorage.sol
FN:15,SimpleStorage.store
FNDA:0,SimpleStorage.store
FN:23,SimpleStorage.retrieve
FNDA:0,SimpleStorage.retrieve
FNF:2
FNH:0
LF:0
LH:0
BRF:0
BRH:0
end_of_record
TN:
SF:src/02_ArrayManager.sol
FN:15,ArrayManager.addValue
FNDA:0,ArrayManager.addValue
FN:24,ArrayManager.getValue
FNDA:0,ArrayManager.getValue
FN:32,ArrayManager.removeValue
FNDA:0,ArrayManager.removeValue
FNF:3
FNH:0
LF:0
LH:0
BRF:0
BRH:0
end_of_record
TN:
SF:src/03_OwnershipControl.sol
FN:34,OwnershipControl.changeOwner
FNDA:0,OwnershipControl.changeOwner
FN:42,OwnershipControl.getOwner
FNDA:0,OwnershipControl.getOwner
DA:43,0
FNF:2
FNH:0
LF:1
LH:0
BRF:0
BRH:0
end_of_record
TN:
SF:src/04_EventLogger.sol
FN:18,EventLogger.addData
FNDA:0,EventLogger.addData
FN:26,EventLogger.removeData
FNDA:0,EventLogger.removeData
FN:36,EventLogger.getData
FNDA:0,EventLogger.getData
FNF:3
FNH:0
LF:0
LH:0
BRF:0
BRH:0
end_of_record
TN:
SF:src/05_BasicToken.sol
FN:19,BasicToken.mint
FNDA:0,BasicToken.mint
FN:29,BasicToken.transfer
FNDA:0,BasicToken.transfer
FN:41,BasicToken.balanceOf
FNDA:0,BasicToken.balanceOf
FN:49,BasicToken.getTotalSupply
FNDA:0,BasicToken.getTotalSupply
FNF:4
FNH:0
LF:0
LH:0
BRF:0
BRH:0
end_of_record
TN:
SF:src/06_AdvancedVoting.sol
FN:47,AdvancedVoting.vote
FNDA:4,AdvancedVoting.vote
DA:48,3
BRDA:48,0,0,1
BRDA:48,0,1,2
DA:50,2
DA:51,2
DA:52,2
FN:60,AdvancedVoting.totalVotesFor
FNDA:7,AdvancedVoting.totalVotesFor
DA:62,7
FNF:2
FNH:2
LF:5
LH:5
BRF:2
BRH:2
end_of_record
TN:
SF:src/06_SimpleVoting.sol
FN:30,SimpleVoting.vote
FNDA:0,SimpleVoting.vote
DA:35,0
DA:37,0
DA:38,0
BRDA:38,0,0,-
BRDA:38,0,1,-
DA:40,0
DA:41,0
DA:45,0
BRDA:45,1,0,-
BRDA:45,1,1,-
DA:47,0
DA:48,0
FN:56,SimpleVoting.totalVotesFor
FNDA:0,SimpleVoting.totalVotesFor
DA:58,0
FNF:2
FNH:0
LF:9
LH:0
BRF:4
BRH:0
end_of_record
TN:
SF:src/07_TimeBasedActions.sol
FN:23,TimeBasedActions.performAction
FNDA:0,TimeBasedActions.performAction
FNF:1
FNH:0
LF:0
LH:0
BRF:0
BRH:0
end_of_record
TN:
SF:src/08_PaymentProcessor.sol
FN:30,PaymentProcessor.withdraw
FNDA:0,PaymentProcessor.withdraw
DA:31,0
BRDA:31,0,0,-
BRDA:31,0,1,-
FN:41,PaymentProcessor.getBalance
FNDA:0,PaymentProcessor.getBalance
DA:42,0
FNF:2
FNH:0
LF:2
LH:0
BRF:2
BRH:0
end_of_record
TN:
SF:src/09_SimpleLottery.sol
FN:25,SimpleLottery.enterLottery
FNDA:0,SimpleLottery.enterLottery
FN:36,SimpleLottery.selectWinner
FNDA:0,SimpleLottery.selectWinner
FN:47,SimpleLottery.getNumberOfParticipants
FNDA:0,SimpleLottery.getNumberOfParticipants
DA:48,0
FNF:3
FNH:0
LF:1
LH:0
BRF:0
BRH:0
end_of_record
TN:
SF:src/10_SimpleDAO.sol
FN:35,SimpleDAO.createProposal
FNDA:0,SimpleDAO.createProposal
FN:45,SimpleDAO.voteOnProposal
FNDA:0,SimpleDAO.voteOnProposal
FN:56,SimpleDAO.executeProposal
FNDA:0,SimpleDAO.executeProposal
FNF:3
FNH:0
LF:0
LH:0
BRF:0
BRH:0
end_of_record
TN:
SF:src/11_SimpleERC721.sol
FN:25,SimpleERC721.mint
FNDA:0,SimpleERC721.mint
FNF:1
FNH:0
LF:0
LH:0
BRF:0
BRH:0
end_of_record
TN:
SF:src/12_MultiTokenWallet.sol
FN:18,MultiTokenWallet.deposit
FNDA:0,MultiTokenWallet.deposit
FN:29,MultiTokenWallet.withdraw
FNDA:0,MultiTokenWallet.withdraw
FN:42,MultiTokenWallet.balanceOf
FNDA:0,MultiTokenWallet.balanceOf
DA:43,0
FNF:3
FNH:0
LF:1
LH:0
BRF:0
BRH:0
end_of_record
TN:
SF:src/13_SimpleStaking.sol
FN:30,SimpleStaking.stake
FNDA:0,SimpleStaking.stake
FN:39,SimpleStaking.unstake
FNDA:0,SimpleStaking.unstake
FN:50,SimpleStaking.calculateReward
FNDA:0,SimpleStaking.calculateReward
FNF:3
FNH:0
LF:0
LH:0
BRF:0
BRH:0
end_of_record
TN:
SF:src/common/SimpleERC20.sol
FN:11,SimpleERC20.decimals
FNDA:0,SimpleERC20.decimals
DA:12,0
FN:15,SimpleERC20.mint
FNDA:0,SimpleERC20.mint
DA:16,0
FNF:2
FNH:0
LF:2
LH:0
BRF:0
BRH:0
end_of_record
