TN:
SF:src/01_SimpleStorage.sol
FN:15,SimpleStorage.store
FNDA:1,SimpleStorage.store
FN:23,SimpleStorage.retrieve
FNDA:1,SimpleStorage.retrieve
FNF:2
FNH:2
LF:0
LH:0
BRF:0
BRH:0
end_of_record
TN:
SF:src/02_ArrayManager.sol
FN:15,ArrayManager.addValue
FNDA:4,ArrayManager.addValue
FN:24,ArrayManager.getValue
FNDA:3,ArrayManager.getValue
FN:32,ArrayManager.removeValue
FNDA:1,ArrayManager.removeValue
FNF:3
FNH:3
LF:0
LH:0
BRF:0
BRH:0
end_of_record
TN:
SF:src/03_OwnershipControl.sol
FN:34,OwnershipControl.changeOwner
FNDA:1,OwnershipControl.changeOwner
FN:42,OwnershipControl.getOwner
FNDA:2,OwnershipControl.getOwner
DA:43,2
FNF:2
FNH:2
LF:1
LH:1
BRF:0
BRH:0
end_of_record
TN:
SF:src/04_EventLogger.sol
FN:18,EventLogger.addData
FNDA:0,EventLogger.addData
FN:26,EventLogger.removeData
FNDA:0,EventLogger.removeData
FN:36,EventLogger.getData
FNDA:0,EventLogger.getData
FNF:3
FNH:0
LF:0
LH:0
BRF:0
BRH:0
end_of_record
TN:
SF:src/05_BasicToken.sol
FN:19,BasicToken.mint
FNDA:2,BasicToken.mint
FN:29,BasicToken.transfer
FNDA:1,BasicToken.transfer
FN:41,BasicToken.balanceOf
FNDA:3,BasicToken.balanceOf
FN:49,BasicToken.getTotalSupply
FNDA:0,BasicToken.getTotalSupply
FNF:4
FNH:3
LF:0
LH:0
BRF:0
BRH:0
end_of_record
TN:
SF:src/06_SimpleVoting.sol
FN:30,SimpleVoting.vote
FNDA:4,SimpleVoting.vote
DA:35,4
DA:37,4
DA:38,6
BRDA:38,0,0,4
BRDA:38,0,1,2
DA:40,4
DA:41,4
DA:45,4
BRDA:45,1,0,-
BRDA:45,1,1,4
DA:47,4
DA:48,4
FN:56,SimpleVoting.totalVotesFor
FNDA:3,SimpleVoting.totalVotesFor
DA:58,3
FNF:2
FNH:2
LF:9
LH:9
BRF:4
BRH:3
end_of_record
TN:
SF:src/07_AdvancedVoting.sol
FN:47,AdvancedVoting.vote
FNDA:2,AdvancedVoting.vote
DA:50,1
DA:51,1
DA:52,1
FN:60,AdvancedVoting.totalVotesFor
FNDA:7,AdvancedVoting.totalVotesFor
DA:62,7
FNF:2
FNH:2
LF:4
LH:4
BRF:0
BRH:0
end_of_record
TN:
SF:src/08_TimeBasedActions.sol
FN:23,TimeBasedActions.performAction
FNDA:1,TimeBasedActions.performAction
DA:27,1
BRDA:27,0,0,-
BRDA:27,0,1,1
DA:29,1
FNF:1
FNH:1
LF:2
LH:2
BRF:2
BRH:1
end_of_record
TN:
SF:src/09_PaymentProcessor.sol
FN:30,PaymentProcessor.withdraw
FNDA:1,PaymentProcessor.withdraw
DA:31,1
BRDA:31,0,0,-
BRDA:31,0,1,1
FN:41,PaymentProcessor.getBalance
FNDA:0,PaymentProcessor.getBalance
DA:42,0
FNF:2
FNH:1
LF:2
LH:1
BRF:2
BRH:1
end_of_record
TN:
SF:src/10_SimpleLottery.sol
FN:25,SimpleLottery.enterLottery
FNDA:5,SimpleLottery.enterLottery
FN:36,SimpleLottery.selectWinner
FNDA:0,SimpleLottery.selectWinner
FN:47,SimpleLottery.getNumberOfParticipants
FNDA:5,SimpleLottery.getNumberOfParticipants
DA:48,5
FNF:3
FNH:2
LF:1
LH:1
BRF:0
BRH:0
end_of_record
TN:
SF:src/11_SimpleDAO.sol
FN:35,SimpleDAO.createProposal
FNDA:0,SimpleDAO.createProposal
FN:45,SimpleDAO.voteOnProposal
FNDA:0,SimpleDAO.voteOnProposal
FN:56,SimpleDAO.executeProposal
FNDA:0,SimpleDAO.executeProposal
FNF:3
FNH:0
LF:0
LH:0
BRF:0
BRH:0
end_of_record
TN:
SF:src/12_SimpleERC721.sol
FN:25,SimpleERC721.mint
FNDA:0,SimpleERC721.mint
FNF:1
FNH:0
LF:0
LH:0
BRF:0
BRH:0
end_of_record
TN:
SF:src/13_MultiTokenWallet.sol
FN:18,MultiTokenWallet.deposit
FNDA:1,MultiTokenWallet.deposit
FN:29,MultiTokenWallet.withdraw
FNDA:1,MultiTokenWallet.withdraw
FN:42,MultiTokenWallet.balanceOf
FNDA:2,MultiTokenWallet.balanceOf
DA:43,2
FNF:3
FNH:3
LF:1
LH:1
BRF:0
BRH:0
end_of_record
TN:
SF:src/14_SimpleStaking.sol
FN:30,SimpleStaking.stake
FNDA:2,SimpleStaking.stake
FN:39,SimpleStaking.unstake
FNDA:1,SimpleStaking.unstake
FN:50,SimpleStaking.calculateReward
FNDA:1,SimpleStaking.calculateReward
FNF:3
FNH:3
LF:0
LH:0
BRF:0
BRH:0
end_of_record
TN:
SF:src/15_SimpleSwap.sol
FN:18,SimpleSwap.getBalance
FNDA:0,SimpleSwap.getBalance
DA:19,0
FNF:1
FNH:0
LF:1
LH:0
BRF:0
BRH:0
end_of_record
TN:
SF:src/bet/Bet.sol
FN:33,Bet.createBallot
FNDA:1,Bet.createBallot
DA:34,1
DA:35,1
DA:36,1
DA:37,1
DA:38,1
DA:39,1
FN:42,Bet.vote
FNDA:0,Bet.vote
DA:43,0
DA:44,0
DA:45,0
FNF:2
FNH:1
LF:9
LH:6
BRF:0
BRH:0
end_of_record
TN:
SF:src/common/SimpleERC20.sol
FN:11,SimpleERC20.decimals
FNDA:0,SimpleERC20.decimals
DA:12,0
FN:15,SimpleERC20.mint
FNDA:4,SimpleERC20.mint
DA:16,4
FNF:2
FNH:1
LF:2
LH:1
BRF:0
BRH:0
end_of_record
